#
# A fatal error has been detected by the Java Runtime Environment:
#
#  EXCEPTION_ACCESS_VIOLATION (0xc0000005) at pc=0x0000028132fe113d, pid=2672, tid=10896
#
# JRE version: OpenJDK Runtime Environment Temurin-11.0.24+8 (11.0.24+8) (build 11.0.24+8)
# Java VM: OpenJDK 64-Bit Server VM Temurin-11.0.24+8 (11.0.24+8, mixed mode, tiered, compressed oops, g1 gc, windows-amd64)
# Problematic frame:
# v  ~StubRoutines::get_previous_fp
#
# No core dump will be written. Minidumps are not enabled by default on client versions of Windows
#
# If you would like to submit a bug report, please visit:
#   https://github.com/adoptium/adoptium-support/issues
#

---------------  S U M M A R Y ------------

Command Line: -javaagent:C:\\Users\\Кирилл\\.m2\\repository\\org\\jacoco\\org.jacoco.agent\\0.8.5\\org.jacoco.agent-0.8.5-runtime.jar=destfile=C:\\Users\\Кирилл\\IdeaProjects\\Radio\\target\\jacoco.exec C:\Users\C523~1\AppData\Local\Temp\surefire17055021694186708799\surefirebooter1200099641926980904.jar C:\Users\Кирилл\AppData\Local\Temp\surefire17055021694186708799 2024-12-08T06-37-03_743-jvmRun1 surefire4293437091289334455tmp surefire_07064607079595497434tmp

Host: Intel(R) Celeron(R) N4020C CPU @ 1.10GHz, 2 cores, 7G,  Windows 11 , 64 bit Build 22621 (10.0.22621.4391)
Time: Sun Dec  8 06:37:05 2024 RTZ 3 (s 11 , 64 bit Build 22621 (10.0.22621.4391) elapsed time: 0.656953 seconds (0d 0h 0m 0s)

---------------  T H R E A D  ---------------

Current thread (0x000002812a847000):  JavaThread "main" [_thread_in_vm, id=10896, stack(0x000000a128a00000,0x000000a128b00000)]

Stack: [0x000000a128a00000,0x000000a128b00000],  sp=0x000000a128aff610,  free space=1021k
Native frames: (J=compiled Java code, j=interpreted, Vv=VM code, C=native code)
C  0x0000028132fe113d


siginfo: EXCEPTION_ACCESS_VIOLATION (0xc0000005), reading address 0x00000000000003d8


Register to memory mapping:

RIP=0x0000028132fe113d is at begin+8 in a stub
StubRoutines::get_previous_fp [0x0000028132fe1135, 0x0000028132fe1142[ (13 bytes)
RAX=0x00000000000003d8 is an unknown value
RBX=0x000000a128aff6b0 is pointing into the stack for thread: 0x000002812a847000
RCX=0x000000a128aff6b0 is pointing into the stack for thread: 0x000002812a847000
RDX=0x0 is NULL
RSP=0x000000a128aff610 is pointing into the stack for thread: 0x000002812a847000
RBP=0x000000a128aff610 is pointing into the stack for thread: 0x000002812a847000
RSI=0x0 is NULL
RDI=0x000002812a847000 is a thread
R8 =0x000000a128aff588 is pointing into the stack for thread: 0x000002812a847000
R9 =0x0 is NULL
R10=0x0 is NULL
R11=0x000000a128aff640 is pointing into the stack for thread: 0x000002812a847000
R12=0x000002812a848028 points into unknown readable memory: 0x080425d5eb3095d2 | d2 95 30 eb d5 25 04 08
R13=0x00000281488d2258 points into unknown readable memory: 0x0000028128661ac0 | c0 1a 66 28 81 02 00 00
R14=0x00000281497effd0 points into unknown readable memory: 0x00000281493da9f0 | f0 a9 3d 49 81 02 00 00
R15=0x000002812a847c50 points into unknown readable memory: 0x0072006f006d0020 | 20 00 6d 00 6f 00 72 00


Registers:
RAX=0x00000000000003d8, RBX=0x000000a128aff6b0, RCX=0x000000a128aff6b0, RDX=0x0000000000000000
RSP=0x000000a128aff610, RBP=0x000000a128aff610, RSI=0x0000000000000000, RDI=0x000002812a847000
R8 =0x000000a128aff588, R9 =0x0000000000000000, R10=0x0000000000000000, R11=0x000000a128aff640
R12=0x000002812a848028, R13=0x00000281488d2258, R14=0x00000281497effd0, R15=0x000002812a847c50
RIP=0x0000028132fe113d, EFLAGS=0x0000000000010206

Top of Stack: (sp=0x000000a128aff610)
0x000000a128aff610:   00000000000003d8 00007ff96e045dc6
0x000000a128aff620:   00007ff9b3a0f550 00007ff9b3a0f550
0x000000a128aff630:   000000a128aff6d0 000000a128aff660
0x000000a128aff640:   000002812a847c40 00007ff96dac254c
0x000000a128aff650:   000000a128aff6c0 00000281286e57b0
0x000000a128aff660:   00000000000007d0 0000000000007fd8
0x000000a128aff670:   000002812a847000 00007ff96e199611
0x000000a128aff680:   00000281286e57b0 000002812a847c40
0x000000a128aff690:   000002812a847c40 0000028128664600
0x000000a128aff6a0:   000002812a833d78 00007ff9ad52148c
0x000000a128aff6b0:   0000000000000024 00007ff9ad5282d0
0x000000a128aff6c0:   000000a128aff710 00007ff9b3a0f550
0x000000a128aff6d0:   00007ff9b3a0f550 0000000000000000
0x000000a128aff6e0:   0000fe89a0a6bb23 00007ff9ad527ae0
0x000000a128aff6f0:   000002812a847000 00007ff96e0484e0
0x000000a128aff700:   000002812a847350 00007ff9ad5282d0 

Instructions: (pc=0x0000028132fe113d)
0x0000028132fe103d:   0f 84 88 00 00 00 89 01 48 8d a5 28 fe ff ff f3
0x0000028132fe104d:   0f 6f 75 b8 f3 0f 6f 7d a8 f3 44 0f 6f 45 98 f3
0x0000028132fe105d:   44 0f 6f 4d 88 f3 44 0f 6f 95 78 ff ff ff f3 44
0x0000028132fe106d:   0f 6f 9d 68 ff ff ff f3 44 0f 6f a5 58 ff ff ff
0x0000028132fe107d:   f3 44 0f 6f ad 48 ff ff ff f3 44 0f 6f b5 38 ff
0x0000028132fe108d:   ff ff f3 44 0f 6f bd 28 ff ff ff 4c 8b 7d c8 4c
0x0000028132fe109d:   8b 75 d0 4c 8b 6d d8 4c 8b 65 e0 48 8b 5d f8 48
0x0000028132fe10ad:   8b 7d e8 48 8b 75 f0 48 81 c4 d8 01 00 00 5d c3
0x0000028132fe10bd:   48 89 01 eb 83 f3 0f 11 01 e9 7a ff ff ff f2 0f
0x0000028132fe10cd:   11 01 e9 71 ff ff ff 49 89 47 08 49 ba a0 53 34
0x0000028132fe10dd:   6e f9 7f 00 00 4d 89 57 10 41 c7 47 18 da 01 00
0x0000028132fe10ed:   00 e9 25 ff ff ff 8b c1 87 02 c3 48 8b c1 48 87
0x0000028132fe10fd:   02 c3 41 8b c0 f0 0f b1 0a c3 49 0f be c0 f0 0f
0x0000028132fe110d:   b0 0a c3 49 8b c0 f0 48 0f b1 0a c3 8b c1 f0 0f
0x0000028132fe111d:   c1 0a 03 c1 c3 48 8b c1 f0 48 0f c1 0a 48 03 c1
0x0000028132fe112d:   c3 f0 83 44 24 c0 00 c3 55 48 8b ec 48 8b 45 00
0x0000028132fe113d:   48 8b 00 5d c3 48 8b c4 48 83 c0 08 c3 c3 66 66
0x0000028132fe114d:   66 0f 1f 84 00 00 00 00 00 66 66 66 90 66 0f 1f
0x0000028132fe115d:   44 00 00 55 48 8b ec 49 b9 f0 10 4a 6e f9 7f 00
0x0000028132fe116d:   00 f7 d1 41 83 f8 10 0f 8c 74 02 00 00 44 8b da
0x0000028132fe117d:   41 83 e3 0f 74 23 41 83 eb 10 45 03 c3 66 90 0f
0x0000028132fe118d:   be 02 33 c1 81 e0 ff 00 00 00 c1 e9 08 41 33 0c
0x0000028132fe119d:   81 48 ff c2 41 ff c3 7c e6 45 8b d8 41 c1 e8 04
0x0000028132fe11ad:   0f 84 38 02 00 00 66 0f 6f 0a 66 0f 7e c8 33 c8
0x0000028132fe11bd:   66 0f 3a 22 c9 00 48 83 c2 10 41 83 e8 04 0f 8c
0x0000028132fe11cd:   03 01 00 00 66 0f 6f 12 66 0f 6f 5a 10 66 0f 6f
0x0000028132fe11dd:   62 20 48 83 c2 30 41 83 e8 03 0f 8e 90 00 00 00
0x0000028132fe11ed:   49 ba e0 10 4a 6e f9 7f 00 00 f3 41 0f 6f 02 0f
0x0000028132fe11fd:   1f 40 00 66 0f 6f e9 66 0f 3a 44 e8 11 66 0f 3a
0x0000028132fe120d:   44 c8 00 66 0f ef cd f3 0f 6f 2a 66 0f ef cd 66
0x0000028132fe121d:   0f 6f ea 66 0f 3a 44 e8 11 66 0f 3a 44 d0 00 66
0x0000028132fe122d:   0f ef d5 f3 0f 6f 6a 10 66 0f ef d5 66 0f 6f eb 


Stack slot to memory mapping:
stack at sp + 0 slots: 0x00000000000003d8 is an unknown value
stack at sp + 1 slots: 0x00007ff96e045dc6 jvm.dll
stack at sp + 2 slots: 0x00007ff9b3a0f550 ucrtbase.dll
stack at sp + 3 slots: 0x00007ff9b3a0f550 ucrtbase.dll
stack at sp + 4 slots: 0x000000a128aff6d0 is pointing into the stack for thread: 0x000002812a847000
stack at sp + 5 slots: 0x000000a128aff660 is pointing into the stack for thread: 0x000002812a847000
stack at sp + 6 slots: 0x000002812a847c40 points into unknown readable memory: 0x00000281497effc0 | c0 ff 7e 49 81 02 00 00
stack at sp + 7 slots: 0x00007ff96dac254c jvm.dll

StubRoutines::get_previous_fp [0x0000028132fe1135, 0x0000028132fe1142[ (13 bytes)
---------------  P R O C E S S  ---------------

Threads class SMR info:
_java_thread_list=0x0000028148a69b00, length=10, elements={
0x000002812a847000, 0x0000028148a20000, 0x0000028148a42000, 0x0000028148a61000,
0x0000028148a63000, 0x0000028148a64000, 0x0000028148a67800, 0x0000028148a79800,
0x0000028148a7d000, 0x00000281489da000
}

Java Threads: ( => current thread )
=>0x000002812a847000 JavaThread "main" [_thread_in_vm, id=10896, stack(0x000000a128a00000,0x000000a128b00000)]
  0x0000028148a20000 JavaThread "Reference Handler" daemon [_thread_blocked, id=1104, stack(0x000000a129100000,0x000000a129200000)]
  0x0000028148a42000 JavaThread "Finalizer" daemon [_thread_blocked, id=15916, stack(0x000000a129200000,0x000000a129300000)]
  0x0000028148a61000 JavaThread "Signal Dispatcher" daemon [_thread_blocked, id=1356, stack(0x000000a129300000,0x000000a129400000)]
  0x0000028148a63000 JavaThread "Attach Listener" daemon [_thread_blocked, id=16008, stack(0x000000a129400000,0x000000a129500000)]
  0x0000028148a64000 JavaThread "Service Thread" daemon [_thread_blocked, id=700, stack(0x000000a129500000,0x000000a129600000)]
  0x0000028148a67800 JavaThread "C2 CompilerThread0" daemon [_thread_blocked, id=16184, stack(0x000000a129600000,0x000000a129700000)]
  0x0000028148a79800 JavaThread "C1 CompilerThread0" daemon [_thread_blocked, id=13452, stack(0x000000a129700000,0x000000a129800000)]
  0x0000028148a7d000 JavaThread "Sweeper thread" daemon [_thread_blocked, id=15536, stack(0x000000a129800000,0x000000a129900000)]
  0x00000281489da000 JavaThread "Common-Cleaner" daemon [_thread_blocked, id=16072, stack(0x000000a129900000,0x000000a129a00000)]

Other Threads:
  0x0000028148a1d800 VMThread "VM Thread" [stack: 0x000000a129000000,0x000000a129100000] [id=10548]
  0x000002812a85f000 GCTaskThread "GC Thread#0" [stack: 0x000000a128b00000,0x000000a128c00000] [id=15344]
  0x000002812a88a800 ConcurrentGCThread "G1 Main Marker" [stack: 0x000000a128c00000,0x000000a128d00000] [id=5792]
  0x000002812a88d000 ConcurrentGCThread "G1 Conc#0" [stack: 0x000000a128d00000,0x000000a128e00000] [id=4920]
  0x000002812a907800 ConcurrentGCThread "G1 Refine#0" [stack: 0x000000a128e00000,0x000000a128f00000] [id=8320]
  0x0000028148890800 ConcurrentGCThread "G1 Young RemSet Sampling" [stack: 0x000000a128f00000,0x000000a129000000] [id=11628]

Threads with active compile tasks:

VM state:not at safepoint (normal execution)

VM Mutex/Monitor currently owned by a thread: None

Heap address: 0x0000000082c00000, size: 2004 MB, Compressed Oops mode: 32-bit
Narrow klass base: 0x0000000000000000, Narrow klass shift: 3
Compressed class space size: 1073741824 Address: 0x0000000100000000

Heap:
 garbage-first heap   total 129024K, used 2048K [0x0000000082c00000, 0x0000000100000000)
  region size 1024K, 3 young (3072K), 0 survivors (0K)
 Metaspace       used 6690K, capacity 6850K, committed 7168K, reserved 1056768K
  class space    used 580K, capacity 643K, committed 768K, reserved 1048576K
Heap Regions: E=young(eden), S=young(survivor), O=old, HS=humongous(starts), HC=humongous(continues), CS=collection set, F=free, A=archive, TAMS=top-at-mark-start (previous, next)
|   0|0x0000000082c00000, 0x0000000082c00000, 0x0000000082d00000|  0%| F|  |TAMS 0x0000000082c00000, 0x0000000082c00000| Untracked 
|   1|0x0000000082d00000, 0x0000000082d00000, 0x0000000082e00000|  0%| F|  |TAMS 0x0000000082d00000, 0x0000000082d00000| Untracked 
|   2|0x0000000082e00000, 0x0000000082e00000, 0x0000000082f00000|  0%| F|  |TAMS 0x0000000082e00000, 0x0000000082e00000| Untracked 
|   3|0x0000000082f00000, 0x0000000082f00000, 0x0000000083000000|  0%| F|  |TAMS 0x0000000082f00000, 0x0000000082f00000| Untracked 
|   4|0x0000000083000000, 0x0000000083000000, 0x0000000083100000|  0%| F|  |TAMS 0x0000000083000000, 0x0000000083000000| Untracked 
|   5|0x0000000083100000, 0x0000000083100000, 0x0000000083200000|  0%| F|  |TAMS 0x0000000083100000, 0x0000000083100000| Untracked 
|   6|0x0000000083200000, 0x0000000083200000, 0x0000000083300000|  0%| F|  |TAMS 0x0000000083200000, 0x0000000083200000| Untracked 
|   7|0x0000000083300000, 0x0000000083300000, 0x0000000083400000|  0%| F|  |TAMS 0x0000000083300000, 0x0000000083300000| Untracked 
|   8|0x0000000083400000, 0x0000000083400000, 0x0000000083500000|  0%| F|  |TAMS 0x0000000083400000, 0x0000000083400000| Untracked 
|   9|0x0000000083500000, 0x0000000083500000, 0x0000000083600000|  0%| F|  |TAMS 0x0000000083500000, 0x0000000083500000| Untracked 
|  10|0x0000000083600000, 0x0000000083600000, 0x0000000083700000|  0%| F|  |TAMS 0x0000000083600000, 0x0000000083600000| Untracked 
|  11|0x0000000083700000, 0x0000000083700000, 0x0000000083800000|  0%| F|  |TAMS 0x0000000083700000, 0x0000000083700000| Untracked 
|  12|0x0000000083800000, 0x0000000083800000, 0x0000000083900000|  0%| F|  |TAMS 0x0000000083800000, 0x0000000083800000| Untracked 
|  13|0x0000000083900000, 0x0000000083900000, 0x0000000083a00000|  0%| F|  |TAMS 0x0000000083900000, 0x0000000083900000| Untracked 
|  14|0x0000000083a00000, 0x0000000083a00000, 0x0000000083b00000|  0%| F|  |TAMS 0x0000000083a00000, 0x0000000083a00000| Untracked 
|  15|0x0000000083b00000, 0x0000000083b00000, 0x0000000083c00000|  0%| F|  |TAMS 0x0000000083b00000, 0x0000000083b00000| Untracked 
|  16|0x0000000083c00000, 0x0000000083c00000, 0x0000000083d00000|  0%| F|  |TAMS 0x0000000083c00000, 0x0000000083c00000| Untracked 
|  17|0x0000000083d00000, 0x0000000083d00000, 0x0000000083e00000|  0%| F|  |TAMS 0x0000000083d00000, 0x0000000083d00000| Untracked 
|  18|0x0000000083e00000, 0x0000000083e00000, 0x0000000083f00000|  0%| F|  |TAMS 0x0000000083e00000, 0x0000000083e00000| Untracked 
|  19|0x0000000083f00000, 0x0000000083f00000, 0x0000000084000000|  0%| F|  |TAMS 0x0000000083f00000, 0x0000000083f00000| Untracked 
|  20|0x0000000084000000, 0x0000000084000000, 0x0000000084100000|  0%| F|  |TAMS 0x0000000084000000, 0x0000000084000000| Untracked 
|  21|0x0000000084100000, 0x0000000084100000, 0x0000000084200000|  0%| F|  |TAMS 0x0000000084100000, 0x0000000084100000| Untracked 
|  22|0x0000000084200000, 0x0000000084200000, 0x0000000084300000|  0%| F|  |TAMS 0x0000000084200000, 0x0000000084200000| Untracked 
|  23|0x0000000084300000, 0x0000000084300000, 0x0000000084400000|  0%| F|  |TAMS 0x0000000084300000, 0x0000000084300000| Untracked 
|  24|0x0000000084400000, 0x0000000084400000, 0x0000000084500000|  0%| F|  |TAMS 0x0000000084400000, 0x0000000084400000| Untracked 
|  25|0x0000000084500000, 0x0000000084500000, 0x0000000084600000|  0%| F|  |TAMS 0x0000000084500000, 0x0000000084500000| Untracked 
|  26|0x0000000084600000, 0x0000000084600000, 0x0000000084700000|  0%| F|  |TAMS 0x0000000084600000, 0x0000000084600000| Untracked 
|  27|0x0000000084700000, 0x0000000084700000, 0x0000000084800000|  0%| F|  |TAMS 0x0000000084700000, 0x0000000084700000| Untracked 
|  28|0x0000000084800000, 0x0000000084800000, 0x0000000084900000|  0%| F|  |TAMS 0x0000000084800000, 0x0000000084800000| Untracked 
|  29|0x0000000084900000, 0x0000000084900000, 0x0000000084a00000|  0%| F|  |TAMS 0x0000000084900000, 0x0000000084900000| Untracked 
|  30|0x0000000084a00000, 0x0000000084a00000, 0x0000000084b00000|  0%| F|  |TAMS 0x0000000084a00000, 0x0000000084a00000| Untracked 
|  31|0x0000000084b00000, 0x0000000084b00000, 0x0000000084c00000|  0%| F|  |TAMS 0x0000000084b00000, 0x0000000084b00000| Untracked 
|  32|0x0000000084c00000, 0x0000000084c00000, 0x0000000084d00000|  0%| F|  |TAMS 0x0000000084c00000, 0x0000000084c00000| Untracked 
|  33|0x0000000084d00000, 0x0000000084d00000, 0x0000000084e00000|  0%| F|  |TAMS 0x0000000084d00000, 0x0000000084d00000| Untracked 
|  34|0x0000000084e00000, 0x0000000084e00000, 0x0000000084f00000|  0%| F|  |TAMS 0x0000000084e00000, 0x0000000084e00000| Untracked 
|  35|0x0000000084f00000, 0x0000000084f00000, 0x0000000085000000|  0%| F|  |TAMS 0x0000000084f00000, 0x0000000084f00000| Untracked 
|  36|0x0000000085000000, 0x0000000085000000, 0x0000000085100000|  0%| F|  |TAMS 0x0000000085000000, 0x0000000085000000| Untracked 
|  37|0x0000000085100000, 0x0000000085100000, 0x0000000085200000|  0%| F|  |TAMS 0x0000000085100000, 0x0000000085100000| Untracked 
|  38|0x0000000085200000, 0x0000000085200000, 0x0000000085300000|  0%| F|  |TAMS 0x0000000085200000, 0x0000000085200000| Untracked 
|  39|0x0000000085300000, 0x0000000085300000, 0x0000000085400000|  0%| F|  |TAMS 0x0000000085300000, 0x0000000085300000| Untracked 
|  40|0x0000000085400000, 0x0000000085400000, 0x0000000085500000|  0%| F|  |TAMS 0x0000000085400000, 0x0000000085400000| Untracked 
|  41|0x0000000085500000, 0x0000000085500000, 0x0000000085600000|  0%| F|  |TAMS 0x0000000085500000, 0x0000000085500000| Untracked 
|  42|0x0000000085600000, 0x0000000085600000, 0x0000000085700000|  0%| F|  |TAMS 0x0000000085600000, 0x0000000085600000| Untracked 
|  43|0x0000000085700000, 0x0000000085700000, 0x0000000085800000|  0%| F|  |TAMS 0x0000000085700000, 0x0000000085700000| Untracked 
|  44|0x0000000085800000, 0x0000000085800000, 0x0000000085900000|  0%| F|  |TAMS 0x0000000085800000, 0x0000000085800000| Untracked 
|  45|0x0000000085900000, 0x0000000085900000, 0x0000000085a00000|  0%| F|  |TAMS 0x0000000085900000, 0x0000000085900000| Untracked 
|  46|0x0000000085a00000, 0x0000000085a00000, 0x0000000085b00000|  0%| F|  |TAMS 0x0000000085a00000, 0x0000000085a00000| Untracked 
|  47|0x0000000085b00000, 0x0000000085b00000, 0x0000000085c00000|  0%| F|  |TAMS 0x0000000085b00000, 0x0000000085b00000| Untracked 
|  48|0x0000000085c00000, 0x0000000085c00000, 0x0000000085d00000|  0%| F|  |TAMS 0x0000000085c00000, 0x0000000085c00000| Untracked 
|  49|0x0000000085d00000, 0x0000000085d00000, 0x0000000085e00000|  0%| F|  |TAMS 0x0000000085d00000, 0x0000000085d00000| Untracked 
|  50|0x0000000085e00000, 0x0000000085e00000, 0x0000000085f00000|  0%| F|  |TAMS 0x0000000085e00000, 0x0000000085e00000| Untracked 
|  51|0x0000000085f00000, 0x0000000085f00000, 0x0000000086000000|  0%| F|  |TAMS 0x0000000085f00000, 0x0000000085f00000| Untracked 
|  52|0x0000000086000000, 0x0000000086000000, 0x0000000086100000|  0%| F|  |TAMS 0x0000000086000000, 0x0000000086000000| Untracked 
|  53|0x0000000086100000, 0x0000000086100000, 0x0000000086200000|  0%| F|  |TAMS 0x0000000086100000, 0x0000000086100000| Untracked 
|  54|0x0000000086200000, 0x0000000086200000, 0x0000000086300000|  0%| F|  |TAMS 0x0000000086200000, 0x0000000086200000| Untracked 
|  55|0x0000000086300000, 0x0000000086300000, 0x0000000086400000|  0%| F|  |TAMS 0x0000000086300000, 0x0000000086300000| Untracked 
|  56|0x0000000086400000, 0x0000000086400000, 0x0000000086500000|  0%| F|  |TAMS 0x0000000086400000, 0x0000000086400000| Untracked 
|  57|0x0000000086500000, 0x0000000086500000, 0x0000000086600000|  0%| F|  |TAMS 0x0000000086500000, 0x0000000086500000| Untracked 
|  58|0x0000000086600000, 0x0000000086600000, 0x0000000086700000|  0%| F|  |TAMS 0x0000000086600000, 0x0000000086600000| Untracked 
|  59|0x0000000086700000, 0x0000000086700000, 0x0000000086800000|  0%| F|  |TAMS 0x0000000086700000, 0x0000000086700000| Untracked 
|  60|0x0000000086800000, 0x0000000086800000, 0x0000000086900000|  0%| F|  |TAMS 0x0000000086800000, 0x0000000086800000| Untracked 
|  61|0x0000000086900000, 0x0000000086900000, 0x0000000086a00000|  0%| F|  |TAMS 0x0000000086900000, 0x0000000086900000| Untracked 
|  62|0x0000000086a00000, 0x0000000086a00000, 0x0000000086b00000|  0%| F|  |TAMS 0x0000000086a00000, 0x0000000086a00000| Untracked 
|  63|0x0000000086b00000, 0x0000000086b00000, 0x0000000086c00000|  0%| F|  |TAMS 0x0000000086b00000, 0x0000000086b00000| Untracked 
|  64|0x0000000086c00000, 0x0000000086c00000, 0x0000000086d00000|  0%| F|  |TAMS 0x0000000086c00000, 0x0000000086c00000| Untracked 
|  65|0x0000000086d00000, 0x0000000086d00000, 0x0000000086e00000|  0%| F|  |TAMS 0x0000000086d00000, 0x0000000086d00000| Untracked 
|  66|0x0000000086e00000, 0x0000000086e00000, 0x0000000086f00000|  0%| F|  |TAMS 0x0000000086e00000, 0x0000000086e00000| Untracked 
|  67|0x0000000086f00000, 0x0000000086f00000, 0x0000000087000000|  0%| F|  |TAMS 0x0000000086f00000, 0x0000000086f00000| Untracked 
|  68|0x0000000087000000, 0x0000000087000000, 0x0000000087100000|  0%| F|  |TAMS 0x0000000087000000, 0x0000000087000000| Untracked 
|  69|0x0000000087100000, 0x0000000087100000, 0x0000000087200000|  0%| F|  |TAMS 0x0000000087100000, 0x0000000087100000| Untracked 
|  70|0x0000000087200000, 0x0000000087200000, 0x0000000087300000|  0%| F|  |TAMS 0x0000000087200000, 0x0000000087200000| Untracked 
|  71|0x0000000087300000, 0x0000000087300000, 0x0000000087400000|  0%| F|  |TAMS 0x0000000087300000, 0x0000000087300000| Untracked 
|  72|0x0000000087400000, 0x0000000087400000, 0x0000000087500000|  0%| F|  |TAMS 0x0000000087400000, 0x0000000087400000| Untracked 
|  73|0x0000000087500000, 0x0000000087500000, 0x0000000087600000|  0%| F|  |TAMS 0x0000000087500000, 0x0000000087500000| Untracked 
|  74|0x0000000087600000, 0x0000000087600000, 0x0000000087700000|  0%| F|  |TAMS 0x0000000087600000, 0x0000000087600000| Untracked 
|  75|0x0000000087700000, 0x0000000087700000, 0x0000000087800000|  0%| F|  |TAMS 0x0000000087700000, 0x0000000087700000| Untracked 
|  76|0x0000000087800000, 0x0000000087800000, 0x0000000087900000|  0%| F|  |TAMS 0x0000000087800000, 0x0000000087800000| Untracked 
|  77|0x0000000087900000, 0x0000000087900000, 0x0000000087a00000|  0%| F|  |TAMS 0x0000000087900000, 0x0000000087900000| Untracked 
|  78|0x0000000087a00000, 0x0000000087a00000, 0x0000000087b00000|  0%| F|  |TAMS 0x0000000087a00000, 0x0000000087a00000| Untracked 
|  79|0x0000000087b00000, 0x0000000087b00000, 0x0000000087c00000|  0%| F|  |TAMS 0x0000000087b00000, 0x0000000087b00000| Untracked 
|  80|0x0000000087c00000, 0x0000000087c00000, 0x0000000087d00000|  0%| F|  |TAMS 0x0000000087c00000, 0x0000000087c00000| Untracked 
|  81|0x0000000087d00000, 0x0000000087d00000, 0x0000000087e00000|  0%| F|  |TAMS 0x0000000087d00000, 0x0000000087d00000| Untracked 
|  82|0x0000000087e00000, 0x0000000087e00000, 0x0000000087f00000|  0%| F|  |TAMS 0x0000000087e00000, 0x0000000087e00000| Untracked 
|  83|0x0000000087f00000, 0x0000000087f00000, 0x0000000088000000|  0%| F|  |TAMS 0x0000000087f00000, 0x0000000087f00000| Untracked 
|  84|0x0000000088000000, 0x0000000088000000, 0x0000000088100000|  0%| F|  |TAMS 0x0000000088000000, 0x0000000088000000| Untracked 
|  85|0x0000000088100000, 0x0000000088100000, 0x0000000088200000|  0%| F|  |TAMS 0x0000000088100000, 0x0000000088100000| Untracked 
|  86|0x0000000088200000, 0x0000000088200000, 0x0000000088300000|  0%| F|  |TAMS 0x0000000088200000, 0x0000000088200000| Untracked 
|  87|0x0000000088300000, 0x0000000088300000, 0x0000000088400000|  0%| F|  |TAMS 0x0000000088300000, 0x0000000088300000| Untracked 
|  88|0x0000000088400000, 0x0000000088400000, 0x0000000088500000|  0%| F|  |TAMS 0x0000000088400000, 0x0000000088400000| Untracked 
|  89|0x0000000088500000, 0x0000000088500000, 0x0000000088600000|  0%| F|  |TAMS 0x0000000088500000, 0x0000000088500000| Untracked 
|  90|0x0000000088600000, 0x0000000088600000, 0x0000000088700000|  0%| F|  |TAMS 0x0000000088600000, 0x0000000088600000| Untracked 
|  91|0x0000000088700000, 0x0000000088700000, 0x0000000088800000|  0%| F|  |TAMS 0x0000000088700000, 0x0000000088700000| Untracked 
|  92|0x0000000088800000, 0x0000000088800000, 0x0000000088900000|  0%| F|  |TAMS 0x0000000088800000, 0x0000000088800000| Untracked 
|  93|0x0000000088900000, 0x0000000088900000, 0x0000000088a00000|  0%| F|  |TAMS 0x0000000088900000, 0x0000000088900000| Untracked 
|  94|0x0000000088a00000, 0x0000000088a00000, 0x0000000088b00000|  0%| F|  |TAMS 0x0000000088a00000, 0x0000000088a00000| Untracked 
|  95|0x0000000088b00000, 0x0000000088b00000, 0x0000000088c00000|  0%| F|  |TAMS 0x0000000088b00000, 0x0000000088b00000| Untracked 
|  96|0x0000000088c00000, 0x0000000088c00000, 0x0000000088d00000|  0%| F|  |TAMS 0x0000000088c00000, 0x0000000088c00000| Untracked 
|  97|0x0000000088d00000, 0x0000000088d00000, 0x0000000088e00000|  0%| F|  |TAMS 0x0000000088d00000, 0x0000000088d00000| Untracked 
|  98|0x0000000088e00000, 0x0000000088e00000, 0x0000000088f00000|  0%| F|  |TAMS 0x0000000088e00000, 0x0000000088e00000| Untracked 
|  99|0x0000000088f00000, 0x0000000088f00000, 0x0000000089000000|  0%| F|  |TAMS 0x0000000088f00000, 0x0000000088f00000| Untracked 
| 100|0x0000000089000000, 0x0000000089000000, 0x0000000089100000|  0%| F|  |TAMS 0x0000000089000000, 0x0000000089000000| Untracked 
| 101|0x0000000089100000, 0x0000000089100000, 0x0000000089200000|  0%| F|  |TAMS 0x0000000089100000, 0x0000000089100000| Untracked 
| 102|0x0000000089200000, 0x0000000089200000, 0x0000000089300000|  0%| F|  |TAMS 0x0000000089200000, 0x0000000089200000| Untracked 
| 103|0x0000000089300000, 0x0000000089300000, 0x0000000089400000|  0%| F|  |TAMS 0x0000000089300000, 0x0000000089300000| Untracked 
| 104|0x0000000089400000, 0x0000000089400000, 0x0000000089500000|  0%| F|  |TAMS 0x0000000089400000, 0x0000000089400000| Untracked 
| 105|0x0000000089500000, 0x0000000089500000, 0x0000000089600000|  0%| F|  |TAMS 0x0000000089500000, 0x0000000089500000| Untracked 
| 106|0x0000000089600000, 0x0000000089600000, 0x0000000089700000|  0%| F|  |TAMS 0x0000000089600000, 0x0000000089600000| Untracked 
| 107|0x0000000089700000, 0x0000000089700000, 0x0000000089800000|  0%| F|  |TAMS 0x0000000089700000, 0x0000000089700000| Untracked 
| 108|0x0000000089800000, 0x0000000089800000, 0x0000000089900000|  0%| F|  |TAMS 0x0000000089800000, 0x0000000089800000| Untracked 
| 109|0x0000000089900000, 0x0000000089900000, 0x0000000089a00000|  0%| F|  |TAMS 0x0000000089900000, 0x0000000089900000| Untracked 
| 110|0x0000000089a00000, 0x0000000089a00000, 0x0000000089b00000|  0%| F|  |TAMS 0x0000000089a00000, 0x0000000089a00000| Untracked 
| 111|0x0000000089b00000, 0x0000000089b00000, 0x0000000089c00000|  0%| F|  |TAMS 0x0000000089b00000, 0x0000000089b00000| Untracked 
| 112|0x0000000089c00000, 0x0000000089c00000, 0x0000000089d00000|  0%| F|  |TAMS 0x0000000089c00000, 0x0000000089c00000| Untracked 
| 113|0x0000000089d00000, 0x0000000089d00000, 0x0000000089e00000|  0%| F|  |TAMS 0x0000000089d00000, 0x0000000089d00000| Untracked 
| 114|0x0000000089e00000, 0x0000000089e00000, 0x0000000089f00000|  0%| F|  |TAMS 0x0000000089e00000, 0x0000000089e00000| Untracked 
| 115|0x0000000089f00000, 0x0000000089f00000, 0x000000008a000000|  0%| F|  |TAMS 0x0000000089f00000, 0x0000000089f00000| Untracked 
| 116|0x000000008a000000, 0x000000008a000000, 0x000000008a100000|  0%| F|  |TAMS 0x000000008a000000, 0x000000008a000000| Untracked 
| 117|0x000000008a100000, 0x000000008a100000, 0x000000008a200000|  0%| F|  |TAMS 0x000000008a100000, 0x000000008a100000| Untracked 
| 118|0x000000008a200000, 0x000000008a200000, 0x000000008a300000|  0%| F|  |TAMS 0x000000008a200000, 0x000000008a200000| Untracked 
| 119|0x000000008a300000, 0x000000008a300000, 0x000000008a400000|  0%| F|  |TAMS 0x000000008a300000, 0x000000008a300000| Untracked 
| 120|0x000000008a400000, 0x000000008a400000, 0x000000008a500000|  0%| F|  |TAMS 0x000000008a400000, 0x000000008a400000| Untracked 
| 121|0x000000008a500000, 0x000000008a500000, 0x000000008a600000|  0%| F|  |TAMS 0x000000008a500000, 0x000000008a500000| Untracked 
| 122|0x000000008a600000, 0x000000008a600000, 0x000000008a700000|  0%| F|  |TAMS 0x000000008a600000, 0x000000008a600000| Untracked 
| 123|0x000000008a700000, 0x000000008a7b3cc0, 0x000000008a800000| 70%| E|  |TAMS 0x000000008a700000, 0x000000008a700000| Complete 
| 124|0x000000008a800000, 0x000000008a900000, 0x000000008a900000|100%| E|CS|TAMS 0x000000008a800000, 0x000000008a800000| Complete 
| 125|0x000000008a900000, 0x000000008aa00000, 0x000000008aa00000|100%| E|CS|TAMS 0x000000008a900000, 0x000000008a900000| Complete 

Card table byte_map: [0x0000028141fe0000,0x00000281423d0000] _byte_map_base: 0x0000028141bca000

Marking Bits (Prev, Next): (CMBitMap*) 0x000002812a881c68, (CMBitMap*) 0x000002812a881ca0
 Prev Bits: [0x00000281427c0000, 0x0000028144710000)
 Next Bits: [0x0000028144710000, 0x0000028146660000)

Polling page: 0x00000281287a0000

Metaspace:

Usage:
  Non-class:      6.06 MB capacity,     5.97 MB ( 98%) used,    92.46 KB (  1%) free+waste,     4.50 KB ( <1%) overhead. 
      Class:    643.00 KB capacity,   580.17 KB ( 90%) used,    60.64 KB (  9%) free+waste,     2.19 KB ( <1%) overhead. 
       Both:      6.69 MB capacity,     6.53 MB ( 98%) used,   153.10 KB (  2%) free+waste,     6.69 KB ( <1%) overhead. 

Virtual space:
  Non-class space:        8.00 MB reserved,       6.25 MB ( 78%) committed 
      Class space:        1.00 GB reserved,     768.00 KB ( <1%) committed 
             Both:        1.01 GB reserved,       7.00 MB ( <1%) committed 

Chunk freelists:
   Non-Class:  1.00 KB
       Class:  29.00 KB
        Both:  30.00 KB

MaxMetaspaceSize: 17179869184.00 GB
CompressedClassSpaceSize: 1.00 GB
Initial GC threshold: 20.80 MB
Current GC threshold: 20.80 MB
CDS: off

CodeHeap 'non-profiled nmethods': size=120064Kb used=106Kb max_used=106Kb free=119957Kb
 bounds [0x000002813aaa0000, 0x000002813ad10000, 0x0000028141fe0000]
CodeHeap 'profiled nmethods': size=120000Kb used=399Kb max_used=399Kb free=119600Kb
 bounds [0x0000028133570000, 0x00000281337e0000, 0x000002813aaa0000]
CodeHeap 'non-nmethods': size=5696Kb used=1094Kb max_used=1107Kb free=4601Kb
 bounds [0x0000028132fe0000, 0x0000028133250000, 0x0000028133570000]
 total_blobs=669 nmethods=329 adapters=254
 compilation: enabled
              stopped_count=0, restarted_count=0
 full_count=0

Compilation events (20 events):
Event: 0.575 Thread 0x0000028148a79800  319   !   3       jdk.internal.loader.URLClassPath$JarLoader::ensureOpen (36 bytes)
Event: 0.575 Thread 0x0000028148a79800 nmethod 319 0x00000281335d0610 code [0x00000281335d0800, 0x00000281335d0c18]
Event: 0.575 Thread 0x0000028148a79800  321   !   3       jdk.internal.loader.URLClassPath$JarLoader::getResource (65 bytes)
Event: 0.576 Thread 0x0000028148a79800 nmethod 321 0x00000281335d0d90 code [0x00000281335d1060, 0x00000281335d1ee8]
Event: 0.577 Thread 0x0000028148a67800  322       4       java.lang.StringBuilder::append (8 bytes)
Event: 0.589 Thread 0x0000028148a67800 nmethod 322 0x000002813aab9910 code [0x000002813aab9ac0, 0x000002813aab9ff8]
Event: 0.590 Thread 0x0000028148a79800  323       3       java.util.Collections$UnmodifiableCollection$1::next (10 bytes)
Event: 0.590 Thread 0x0000028148a79800 nmethod 323 0x00000281335d2410 code [0x00000281335d25c0, 0x00000281335d2788]
Event: 0.590 Thread 0x0000028148a79800  324       1       java.nio.Buffer::position (5 bytes)
Event: 0.590 Thread 0x0000028148a79800 nmethod 324 0x000002813aaba310 code [0x000002813aaba4c0, 0x000002813aaba578]
Event: 0.591 Thread 0x0000028148a79800  325       3       sun.nio.cs.SingleByte$Encoder::encode (32 bytes)
Event: 0.591 Thread 0x0000028148a79800 nmethod 325 0x00000281335d2890 code [0x00000281335d2a40, 0x00000281335d2bf8]
Event: 0.591 Thread 0x0000028148a79800  326       1       java.nio.Buffer::limit (5 bytes)
Event: 0.591 Thread 0x0000028148a79800 nmethod 326 0x000002813aaba610 code [0x000002813aaba7c0, 0x000002813aaba878]
Event: 0.593 Thread 0x0000028148a79800  327       3       java.nio.Buffer::position (52 bytes)
Event: 0.594 Thread 0x0000028148a79800 nmethod 327 0x00000281335d2d10 code [0x00000281335d2ee0, 0x00000281335d3148]
Event: 0.624 Thread 0x0000028148a79800  328       3       java.nio.ByteBuffer::arrayOffset (35 bytes)
Event: 0.625 Thread 0x0000028148a79800 nmethod 328 0x00000281335d3210 code [0x00000281335d33e0, 0x00000281335d3658]
Event: 0.637 Thread 0x0000028148a79800  329       3       java.nio.CharBuffer::arrayOffset (35 bytes)
Event: 0.637 Thread 0x0000028148a79800 nmethod 329 0x00000281335d3790 code [0x00000281335d3960, 0x00000281335d3bd8]

GC Heap History (0 events):
No events

Deoptimization events (20 events):
Event: 0.432 Thread 0x000002812a847000 DEOPT PACKING pc=0x000002813aaaa298 sp=0x000000a128afeb00
Event: 0.432 Thread 0x000002812a847000 DEOPT UNPACKING pc=0x000002813302a1a9 sp=0x000000a128afeaa0 mode 2
Event: 0.443 Thread 0x000002812a847000 Uncommon trap: trap_request=0xffffffde fr.pc=0x000002813aaadb74 relative=0x0000000000000af4
Event: 0.443 Thread 0x000002812a847000 Uncommon trap: reason=class_check action=maybe_recompile pc=0x000002813aaadb74 method=java.util.HashMap.putVal(ILjava/lang/Object;Ljava/lang/Object;ZZ)Ljava/lang/Object; @ 152 c2
Event: 0.443 Thread 0x000002812a847000 DEOPT PACKING pc=0x000002813aaadb74 sp=0x000000a128afb030
Event: 0.443 Thread 0x000002812a847000 DEOPT UNPACKING pc=0x000002813302a1a9 sp=0x000000a128afafb0 mode 2
Event: 0.443 Thread 0x000002812a847000 Uncommon trap: trap_request=0xffffffde fr.pc=0x000002813aaadb74 relative=0x0000000000000af4
Event: 0.443 Thread 0x000002812a847000 Uncommon trap: reason=class_check action=maybe_recompile pc=0x000002813aaadb74 method=java.util.HashMap.putVal(ILjava/lang/Object;Ljava/lang/Object;ZZ)Ljava/lang/Object; @ 152 c2
Event: 0.443 Thread 0x000002812a847000 DEOPT PACKING pc=0x000002813aaadb74 sp=0x000000a128afb030
Event: 0.443 Thread 0x000002812a847000 DEOPT UNPACKING pc=0x000002813302a1a9 sp=0x000000a128afafb0 mode 2
Event: 0.444 Thread 0x000002812a847000 Uncommon trap: trap_request=0xffffffde fr.pc=0x000002813aaadb74 relative=0x0000000000000af4
Event: 0.444 Thread 0x000002812a847000 Uncommon trap: reason=class_check action=maybe_recompile pc=0x000002813aaadb74 method=java.util.HashMap.putVal(ILjava/lang/Object;Ljava/lang/Object;ZZ)Ljava/lang/Object; @ 152 c2
Event: 0.444 Thread 0x000002812a847000 DEOPT PACKING pc=0x000002813aaadb74 sp=0x000000a128afb030
Event: 0.444 Thread 0x000002812a847000 DEOPT UNPACKING pc=0x000002813302a1a9 sp=0x000000a128afafb0 mode 2
Event: 0.444 Thread 0x000002812a847000 Uncommon trap: trap_request=0xffffffde fr.pc=0x000002813aaadb74 relative=0x0000000000000af4
Event: 0.444 Thread 0x000002812a847000 Uncommon trap: reason=class_check action=maybe_recompile pc=0x000002813aaadb74 method=java.util.HashMap.putVal(ILjava/lang/Object;Ljava/lang/Object;ZZ)Ljava/lang/Object; @ 152 c2
Event: 0.444 Thread 0x000002812a847000 DEOPT PACKING pc=0x000002813aaadb74 sp=0x000000a128afb030
Event: 0.444 Thread 0x000002812a847000 DEOPT UNPACKING pc=0x000002813302a1a9 sp=0x000000a128afafb0 mode 2
Event: 0.458 Thread 0x000002812a847000 DEOPT PACKING pc=0x00000281335ad3bb sp=0x000000a128afafb0
Event: 0.458 Thread 0x000002812a847000 DEOPT UNPACKING pc=0x000002813302a93f sp=0x000000a128afa480 mode 0

Classes redefined (0 events):
No events

Internal exceptions (2 events):
Event: 0.581 Thread 0x000002812a847000 Exception <a 'java/io/FileNotFoundException'{0x000000008a79d248}> (0x000000008a79d248) thrown at [s\src\hotspot\share\prims\jni.cpp, line 617]
Event: 0.593 Thread 0x000002812a847000 Exception <a 'java/lang/reflect/InvocationTargetException'{0x000000008a7a3488}> (0x000000008a7a3488) thrown at [s\src\hotspot\share\runtime\reflection.cpp, line 1245]

Events (20 events):
Event: 0.573 loading class org/jacoco/agent/rt/internal_43f5073/Agent$2
Event: 0.573 loading class org/jacoco/agent/rt/internal_43f5073/Agent$2 done
Event: 0.574 loading class java/lang/NoSuchFieldError
Event: 0.574 loading class java/lang/IncompatibleClassChangeError
Event: 0.574 loading class java/lang/IncompatibleClassChangeError done
Event: 0.574 loading class java/lang/NoSuchFieldError done
Event: 0.574 loading class org/jacoco/agent/rt/internal_43f5073/output/FileOutput
Event: 0.574 loading class org/jacoco/agent/rt/internal_43f5073/output/FileOutput done
Event: 0.580 loading class java/io/FileNotFoundException
Event: 0.580 loading class java/io/FileNotFoundException done
Event: 0.580 Executing VM operation: Deoptimize
Event: 0.580 Executing VM operation: Deoptimize done
Event: 0.581 loading class java/lang/Throwable$WrappedPrintStream
Event: 0.581 loading class java/lang/Throwable$PrintStreamOrWriter
Event: 0.581 loading class java/lang/Throwable$PrintStreamOrWriter done
Event: 0.581 loading class java/lang/Throwable$WrappedPrintStream done
Event: 0.589 loading class java/lang/StackTraceElement$HashedModules
Event: 0.589 loading class java/lang/StackTraceElement$HashedModules done
Event: 0.592 loading class java/lang/reflect/InvocationTargetException
Event: 0.593 loading class java/lang/reflect/InvocationTargetException done


Dynamic libraries:
0x00007ff6b7340000 - 0x00007ff6b734e000 	C:\Program Files\Eclipse Adoptium\jdk-11.0.24.8-hotspot\bin\java.exe
0x00007ff9b6010000 - 0x00007ff9b6227000 	C:\WINDOWS\SYSTEM32\ntdll.dll
0x00007ff9b55d0000 - 0x00007ff9b5694000 	C:\WINDOWS\System32\KERNEL32.DLL
0x00007ff9b3550000 - 0x00007ff9b3909000 	C:\WINDOWS\System32\KERNELBASE.dll
0x00007ff9b3910000 - 0x00007ff9b3a21000 	C:\WINDOWS\System32\ucrtbase.dll
0x00007ff9ad4c0000 - 0x00007ff9ad4d7000 	C:\Program Files\Eclipse Adoptium\jdk-11.0.24.8-hotspot\bin\jli.dll
0x00007ff9b4420000 - 0x00007ff9b45ce000 	C:\WINDOWS\System32\USER32.dll
0x00007ff9b33c0000 - 0x00007ff9b33e6000 	C:\WINDOWS\System32\win32u.dll
0x00007ff9b5a10000 - 0x00007ff9b5a39000 	C:\WINDOWS\System32\GDI32.dll
0x00007ff9b3c10000 - 0x00007ff9b3d2b000 	C:\WINDOWS\System32\gdi32full.dll
0x00007ff9b33f0000 - 0x00007ff9b348a000 	C:\WINDOWS\System32\msvcp_win.dll
0x00007ff9a3f30000 - 0x00007ff9a3f4b000 	C:\Program Files\Eclipse Adoptium\jdk-11.0.24.8-hotspot\bin\VCRUNTIME140.dll
0x00007ff993860000 - 0x00007ff993af2000 	C:\WINDOWS\WinSxS\amd64_microsoft.windows.common-controls_6595b64144ccf1df_6.0.22621.4391_none_2715d37f73803e96\COMCTL32.dll
0x00007ff9b5800000 - 0x00007ff9b58a7000 	C:\WINDOWS\System32\msvcrt.dll
0x00007ff9b5d90000 - 0x00007ff9b5dc1000 	C:\WINDOWS\System32\IMM32.DLL
0x00007ff9af5e0000 - 0x00007ff9af5ec000 	C:\Program Files\Eclipse Adoptium\jdk-11.0.24.8-hotspot\bin\vcruntime140_1.dll
0x00007ff98b670000 - 0x00007ff98b6fd000 	C:\Program Files\Eclipse Adoptium\jdk-11.0.24.8-hotspot\bin\msvcp140.dll
0x00007ff96da00000 - 0x00007ff96e5c4000 	C:\Program Files\Eclipse Adoptium\jdk-11.0.24.8-hotspot\bin\server\jvm.dll
0x00007ff9b5dd0000 - 0x00007ff9b5e82000 	C:\WINDOWS\System32\ADVAPI32.dll
0x00007ff9b4fe0000 - 0x00007ff9b5087000 	C:\WINDOWS\System32\sechost.dll
0x00007ff9b3310000 - 0x00007ff9b3338000 	C:\WINDOWS\System32\bcrypt.dll
0x00007ff9b42b0000 - 0x00007ff9b43c4000 	C:\WINDOWS\System32\RPCRT4.dll
0x00007ff9b5790000 - 0x00007ff9b5798000 	C:\WINDOWS\System32\PSAPI.DLL
0x00007ff9af5c0000 - 0x00007ff9af5c9000 	C:\WINDOWS\SYSTEM32\WSOCK32.dll
0x00007ff9b5f40000 - 0x00007ff9b5fb1000 	C:\WINDOWS\System32\WS2_32.dll
0x00007ff9a9e40000 - 0x00007ff9a9e74000 	C:\WINDOWS\SYSTEM32\WINMM.dll
0x00007ff9a99a0000 - 0x00007ff9a99aa000 	C:\WINDOWS\SYSTEM32\VERSION.dll
0x00007ff9b2310000 - 0x00007ff9b2328000 	C:\WINDOWS\SYSTEM32\kernel.appcore.dll
0x00007ff9ad570000 - 0x00007ff9ad580000 	C:\Program Files\Eclipse Adoptium\jdk-11.0.24.8-hotspot\bin\verify.dll
0x00007ff9b0d80000 - 0x00007ff9b0fb2000 	C:\WINDOWS\SYSTEM32\DBGHELP.DLL
0x00007ff9b5090000 - 0x00007ff9b541f000 	C:\WINDOWS\System32\combase.dll
0x00007ff9b5cb0000 - 0x00007ff9b5d87000 	C:\WINDOWS\System32\OLEAUT32.dll
0x00007ff99c6b0000 - 0x00007ff99c6e2000 	C:\WINDOWS\SYSTEM32\dbgcore.DLL
0x00007ff9b3340000 - 0x00007ff9b33bb000 	C:\WINDOWS\System32\bcryptPrimitives.dll
0x00007ff9a3cc0000 - 0x00007ff9a3ce8000 	C:\Program Files\Eclipse Adoptium\jdk-11.0.24.8-hotspot\bin\java.dll
0x00007ff9a3f20000 - 0x00007ff9a3f2a000 	C:\Program Files\Eclipse Adoptium\jdk-11.0.24.8-hotspot\bin\jimage.dll
0x00007ff9ad520000 - 0x00007ff9ad52e000 	C:\Program Files\Eclipse Adoptium\jdk-11.0.24.8-hotspot\bin\instrument.dll
0x00007ff9a3e80000 - 0x00007ff9a3e98000 	C:\Program Files\Eclipse Adoptium\jdk-11.0.24.8-hotspot\bin\zip.dll
0x00007ff9b4760000 - 0x00007ff9b4fd6000 	C:\WINDOWS\System32\SHELL32.dll
0x00007ff9b1200000 - 0x00007ff9b1b03000 	C:\WINDOWS\SYSTEM32\windows.storage.dll
0x00007ff9b0fc0000 - 0x00007ff9b10ff000 	C:\WINDOWS\SYSTEM32\wintypes.dll
0x00007ff9b3d30000 - 0x00007ff9b3e29000 	C:\WINDOWS\System32\SHCORE.dll
0x00007ff9b5730000 - 0x00007ff9b578e000 	C:\WINDOWS\System32\shlwapi.dll
0x00007ff9b3240000 - 0x00007ff9b326b000 	C:\WINDOWS\SYSTEM32\profapi.dll
0x00007ff9a0670000 - 0x00007ff9a0689000 	C:\Program Files\Eclipse Adoptium\jdk-11.0.24.8-hotspot\bin\net.dll
0x00007ff9ac0a0000 - 0x00007ff9ac1d6000 	C:\WINDOWS\SYSTEM32\WINHTTP.dll
0x00007ff9b2790000 - 0x00007ff9b27f9000 	C:\WINDOWS\system32\mswsock.dll
0x00007ff9a0590000 - 0x00007ff9a05a2000 	C:\Program Files\Eclipse Adoptium\jdk-11.0.24.8-hotspot\bin\nio.dll
0x00007ff9a3ad0000 - 0x00007ff9a3ae7000 	C:\WINDOWS\system32\napinsp.dll
0x00007ff9a2020000 - 0x00007ff9a203b000 	C:\WINDOWS\system32\pnrpnsp.dll
0x00007ff9b1e30000 - 0x00007ff9b1f32000 	C:\WINDOWS\SYSTEM32\DNSAPI.dll
0x00007ff9b1e00000 - 0x00007ff9b1e2d000 	C:\WINDOWS\SYSTEM32\IPHLPAPI.DLL
0x00007ff9b5720000 - 0x00007ff9b5729000 	C:\WINDOWS\System32\NSI.dll
0x00007ff997610000 - 0x00007ff997621000 	C:\WINDOWS\System32\winrnr.dll
0x00007ff9a9dc0000 - 0x00007ff9a9dd5000 	C:\WINDOWS\system32\wshbth.dll
0x00007ff98e2f0000 - 0x00007ff98e317000 	C:\WINDOWS\system32\nlansp_c.dll
0x00007ff9ad3b0000 - 0x00007ff9ad3ba000 	C:\Windows\System32\rasadhlp.dll
0x00007ff9a5350000 - 0x00007ff9a53d3000 	C:\WINDOWS\System32\fwpuclnt.dll

dbghelp: loaded successfully - version: 4.0.5 - missing functions: none
symbol engine: initialized successfully - sym options: 0x614 - pdb path: .;C:\Program Files\Eclipse Adoptium\jdk-11.0.24.8-hotspot\bin;C:\WINDOWS\SYSTEM32;C:\WINDOWS\WinSxS\amd64_microsoft.windows.common-controls_6595b64144ccf1df_6.0.22621.4391_none_2715d37f73803e96;C:\Program Files\Eclipse Adoptium\jdk-11.0.24.8-hotspot\bin\server

VM Arguments:
jvm_args: -javaagent:C:\\Users\\Кирилл\\.m2\\repository\\org\\jacoco\\org.jacoco.agent\\0.8.5\\org.jacoco.agent-0.8.5-runtime.jar=destfile=C:\\Users\\Кирилл\\IdeaProjects\\Radio\\target\\jacoco.exec 
java_command: C:\Users\C523~1\AppData\Local\Temp\surefire17055021694186708799\surefirebooter1200099641926980904.jar C:\Users\Кирилл\AppData\Local\Temp\surefire17055021694186708799 2024-12-08T06-37-03_743-jvmRun1 surefire4293437091289334455tmp surefire_07064607079595497434tmp
java_class_path (initial): C:\Users\C523~1\AppData\Local\Temp\surefire17055021694186708799\surefirebooter1200099641926980904.jar
Launcher Type: SUN_STANDARD

[Global flags]
     intx CICompilerCount                          = 2                                         {product} {ergonomic}
     uint ConcGCThreads                            = 1                                         {product} {ergonomic}
     uint G1ConcRefinementThreads                  = 2                                         {product} {ergonomic}
   size_t G1HeapRegionSize                         = 1048576                                   {product} {ergonomic}
    uintx GCDrainStackTargetSize                   = 64                                        {product} {ergonomic}
   size_t InitialHeapSize                          = 132120576                                 {product} {ergonomic}
   size_t MarkStackSize                            = 4194304                                   {product} {ergonomic}
   size_t MaxHeapSize                              = 2101346304                                {product} {ergonomic}
   size_t MaxNewSize                               = 1260388352                                {product} {ergonomic}
   size_t MinHeapDeltaBytes                        = 1048576                                   {product} {ergonomic}
    uintx NonNMethodCodeHeapSize                   = 5825164                                {pd product} {ergonomic}
    uintx NonProfiledCodeHeapSize                  = 122916538                              {pd product} {ergonomic}
    uintx ProfiledCodeHeapSize                     = 122916538                              {pd product} {ergonomic}
    uintx ReservedCodeCacheSize                    = 251658240                              {pd product} {ergonomic}
     bool SegmentedCodeCache                       = true                                      {product} {ergonomic}
     bool UseCompressedClassPointers               = true                                 {lp64_product} {ergonomic}
     bool UseCompressedOops                        = true                                 {lp64_product} {ergonomic}
     bool UseG1GC                                  = true                                      {product} {ergonomic}
     bool UseLargePagesIndividualAllocation        = false                                  {pd product} {ergonomic}

Logging:
Log output configuration:
 #0: stdout all=warning uptime,level,tags
 #1: stderr all=off uptime,level,tags

Environment Variables:
PATH=C:\Program Files\Eclipse Adoptium\jdk-11.0.24.8-hotspot\bin;C:\WINDOWS\system32;C:\WINDOWS;C:\WINDOWS\System32\Wbem;C:\WINDOWS\System32\WindowsPowerShell\v1.0\;C:\WINDOWS\System32\OpenSSH\;C:\Program Files\Git\cmd;C:\Users\Кирилл\AppData\Local\Microsoft\WindowsApps;C:\Users\Кирилл\AppData\Local\Programs\Microsoft VS Code\bin
USERNAME=Кирилл
OS=Windows_NT
PROCESSOR_IDENTIFIER=Intel64 Family 6 Model 122 Stepping 8, GenuineIntel
TMP=C:\Users\C523~1\AppData\Local\Temp
TEMP=C:\Users\C523~1\AppData\Local\Temp



---------------  S Y S T E M  ---------------

OS: Windows 11 , 64 bit Build 22621 (10.0.22621.4391)
OS uptime: 13 days 8:17 hours
Hyper-V role detected

CPU:total 2 (initial active 2) (2 cores per cpu, 1 threads per core) family 6 model 122 stepping 8 microcode 0x18, cmov, cx8, fxsr, mmx, sse, sse2, sse3, ssse3, sse4.1, sse4.2, popcnt, aes, clmul, erms, 3dnowpref, tsc, tscinvbit, sha

Memory: 4k page, system-wide physical 8009M (967M free)
TotalPageFile size 11977M (AvailPageFile size 3189M)
current process WorkingSet (physical memory assigned to process): 41M, peak: 41M
current process commit charge ("private bytes"): 194M, peak: 194M

vm_info: OpenJDK 64-Bit Server VM (11.0.24+8) for windows-amd64 JRE (11.0.24+8), built on Jul 16 2024 23:39:21 by "" with MS VC++ 16.10 / 16.11 (VS2019)

END.
